common/build/outputs/logs/manifest-merger-debug-report.txt
-- Merging decision tree log ---
manifest
ADDED from Camera2\common\AndroidManifest.xml:1:1-3:12
INJECTED from Camera2\common\AndroidManifest.xml:1:1-3:12
INJECTED from Camera2\common\AndroidManifest.xml:1:1-3:12
INJECTED from Camera2\common\AndroidManifest.xml:1:1-3:12
INJECTED from Camera2\common\AndroidManifest.xml:1:1-3:12
INJECTED from Camera2\common\AndroidManifest.xml:1:1-3:12
INJECTED from Camera2\common\AndroidManifest.xml:1:1-3:12
	package
		ADDED from Camera2\common\AndroidManifest.xml:1:11-47
		INJECTED from Camera2\common\AndroidManifest.xml
		INJECTED from Camera2\common\AndroidManifest.xml
	android:versionName
		INJECTED from Camera2\common\AndroidManifest.xml
		ADDED from Camera2\common\AndroidManifest.xml:1:1-3:12
		INJECTED from Camera2\common\AndroidManifest.xml
	android:versionCode
		INJECTED from Camera2\common\AndroidManifest.xml
		ADDED from Camera2\common\AndroidManifest.xml:1:1-3:12
		INJECTED from Camera2\common\AndroidManifest.xml
application
ADDED from Camera2\common\AndroidManifest.xml:2:5-20
uses-sdk
INJECTED from Camera2\common\AndroidManifest.xml reason: use-sdk injection requested
INJECTED from Camera2\common\AndroidManifest.xml
INJECTED from Camera2\common\AndroidManifest.xml
INJECTED from Camera2\common\AndroidManifest.xml
INJECTED from Camera2\common\AndroidManifest.xml
	android:targetSdkVersion
		INJECTED from Camera2\common\AndroidManifest.xml
		ADDED from Camera2\common\AndroidManifest.xml
		INJECTED from Camera2\common\AndroidManifest.xml
	android:minSdkVersion
		INJECTED from Camera2\common\AndroidManifest.xml
		ADDED from Camera2\common\AndroidManifest.xml
		INJECTED from Camera2\common\AndroidManifest.xml